\BOOKMARK [0][-]{spisTresci.1.0}{\376\377\000S\000p\000i\000s\000\040\000t\000r\000e\001\133\000c\000i}{}% 1
\BOOKMARK [0][-]{chapter.1}{\376\377\000W\000s\000t\001\031\000p}{}% 2
\BOOKMARK [1][-]{section.1.1}{\376\377\000O\000p\000i\000s\000\040\000p\000r\000o\000b\000l\000e\000m\000u}{chapter.1}% 3
\BOOKMARK [1][-]{section.1.2}{\376\377\000I\000d\000e\000a\000\040\000m\000e\000t\000o\000d\000y}{chapter.1}% 4
\BOOKMARK [1][-]{section.1.3}{\376\377\000M\000i\000a\000r\000y\000\040\000c\000e\000n\000t\000r\000a\000l\000n\000o\001\133\000c\000i}{chapter.1}% 5
\BOOKMARK [2][-]{subsection.1.3.1}{\376\377\000P\000a\000g\000e\000R\000a\000n\000k}{section.1.3}% 6
\BOOKMARK [2][-]{subsection.1.3.2}{\376\377\000B\000e\000t\000w\000e\000e\000n\000n\000e\000s\000s}{section.1.3}% 7
\BOOKMARK [2][-]{subsection.1.3.3}{\376\377\000C\000l\000o\000s\000e\000n\000e\000s\000s}{section.1.3}% 8
\BOOKMARK [2][-]{subsection.1.3.4}{\376\377\000P\000o\000z\000o\000s\000t\000a\001\102\000e}{section.1.3}% 9
\BOOKMARK [0][-]{chapter.2}{\376\377\000P\000l\000a\000t\000f\000o\000r\000m\000a\000\040\000t\000e\000s\000t\000o\000w\000a}{}% 10
\BOOKMARK [1][-]{section.2.1}{\376\377\000K\000o\000m\000p\000o\000n\000e\000n\000t\000y}{chapter.2}% 11
\BOOKMARK [1][-]{section.2.2}{\376\377\000D\000o\000c\000k\000e\000r}{chapter.2}% 12
\BOOKMARK [0][-]{chapter.3}{\376\377\000D\000a\000n\000e}{}% 13
\BOOKMARK [1][-]{section.3.1}{\376\377\000C\000h\000a\000r\000a\000k\000t\000e\000r\000y\000s\000t\000y\000k\000a}{chapter.3}% 14
\BOOKMARK [1][-]{section.3.2}{\376\377\000P\000r\000z\000y\000k\001\102\000a\000d\000y}{chapter.3}% 15
\BOOKMARK [0][-]{chapter.4}{\376\377\000E\000k\000s\000p\000e\000r\000y\000m\000e\000n\000t\000y}{}% 16
\BOOKMARK [1][-]{section.4.1}{\376\377\000M\000e\000t\000o\000d\000o\000l\000o\000g\000i\000a}{chapter.4}% 17
\BOOKMARK [1][-]{section.4.2}{\376\377\000W\000y\000n\000i\000k\000i}{chapter.4}% 18
\BOOKMARK [0][-]{chapter.5}{\376\377\000P\000o\000d\000s\000u\000m\000o\000w\000a\000n\000i\000e}{}% 19
\BOOKMARK [1][-]{section.5.1}{\376\377\000W\000n\000i\000o\000s\000k\000i}{chapter.5}% 20
\BOOKMARK [1][-]{section.5.2}{\376\377\000K\000r\000y\000t\000y\000k\000a}{chapter.5}% 21
\BOOKMARK [1][-]{section.5.3}{\376\377\000D\000a\000l\000s\000z\000y\000\040\000r\000o\000z\000w\000\363\000j}{chapter.5}% 22
